<?xml version="1.0" encoding="UTF-8"?>
<testng-results skipped="0" failed="1" total="1" passed="0">
  <reporter-output>
    <line>
      <![CDATA[Currently testing URL: http://www.kipling-usa.com/]]>
    </line>
    <line>
      <![CDATA[5 empty color swatches are displayed. Plus one selected color swatch Red]]>
    </line>
    <line>
      <![CDATA[These are empty swatch colors on PDP: ]]>
    </line>
    <line>
      <![CDATA[Celo Grey]]>
    </line>
    <line>
      <![CDATA[Deep Red]]>
    </line>
    <line>
      <![CDATA[Espresso]]>
    </line>
    <line>
      <![CDATA[Inlet Purple]]>
    </line>
    <line>
      <![CDATA[True Blue]]>
    </line>
    <line>
      <![CDATA[Using Firefox browser version 24]]>
    </line>
    <line>
      <![CDATA[Screenshot taken at 2013-Nov-25-1hr-6min-9 sec-377mls]]>
    </line>
    <line>
      <![CDATA[<img src="file:////Users/igonzalez/Desktop/WORKING_WITH_ECLIPSE/Fluid//target/screenshots/2013-Nov-25-1hr-6min-9 sec-377mls.png" alt=""/><br/>]]>
    </line>
    <line>
      <![CDATA[ 'Write a Review' link is visible on PDP]]>
    </line>
    <line>
      <![CDATA[Using Firefox browser version 24]]>
    </line>
    <line>
      <![CDATA[Screenshot taken at 2013-Nov-25-1hr-6min-12 sec-882mls]]>
    </line>
    <line>
      <![CDATA[<img src="file:////Users/igonzalez/Desktop/WORKING_WITH_ECLIPSE/Fluid//target/screenshots/2013-Nov-25-1hr-6min-12 sec-882mls.png" alt=""/><br/>]]>
    </line>
    <line>
      <![CDATA[Using Firefox browser version 24]]>
    </line>
    <line>
      <![CDATA[Screenshot taken at 2013-Nov-25-1hr-6min-16 sec-784mls]]>
    </line>
    <line>
      <![CDATA[<img src="file:////Users/igonzalez/Desktop/WORKING_WITH_ECLIPSE/Fluid//target/screenshots/2013-Nov-25-1hr-6min-16 sec-784mls.png" alt=""/><br/>]]>
    </line>
    <line>
      <![CDATA[Using Firefox browser version 24]]>
    </line>
    <line>
      <![CDATA[Screenshot taken at 2013-Nov-25-1hr-6min-37 sec-799mls]]>
    </line>
    <line>
      <![CDATA[<img src="file:////Users/igonzalez/Desktop/WORKING_WITH_ECLIPSE/Fluid//target/screenshots/2013-Nov-25-1hr-6min-37 sec-799mls.png" alt=""/><br/>]]>
    </line>
    <line>
      <![CDATA[Using Firefox browser version 24]]>
    </line>
    <line>
      <![CDATA[Screenshot taken at 2013-Nov-25-1hr-6min-41 sec-925mls]]>
    </line>
    <line>
      <![CDATA[<img src="file:////Users/igonzalez/Desktop/WORKING_WITH_ECLIPSE/Fluid//target/screenshots/2013-Nov-25-1hr-6min-41 sec-925mls.png" alt=""/><br/>]]>
    </line>
  </reporter-output>
  <suite name="Default suite" duration-ms="64596" started-at="2013-11-25T09:05:44Z" finished-at="2013-11-25T09:06:48Z">
    <groups>
    </groups>
    <test name="Default test" duration-ms="64596" started-at="2013-11-25T09:05:44Z" finished-at="2013-11-25T09:06:48Z">
      <class name="KiplingTest.KipCheckoutUSAMonogram">
        <test-method status="PASS" signature="setUp()[pri:0, instance:KiplingTest.KipCheckoutUSAMonogram@285876fe]" name="setUp" is-config="true" duration-ms="17504" started-at="2013-11-25T01:05:44Z" finished-at="2013-11-25T01:06:01Z">
          <reporter-output>
            <line>
              <![CDATA[Currently testing URL: http://www.kipling-usa.com/]]>
            </line>
          </reporter-output>
        </test-method> <!-- setUp -->
        <test-method status="FAIL" signature="testKipOrderSummaryMonogram()[pri:0, instance:KiplingTest.KipCheckoutUSAMonogram@285876fe]" name="testKipOrderSummaryMonogram" duration-ms="47070" started-at="2013-11-25T01:06:01Z" finished-at="2013-11-25T01:06:48Z">
          <exception class="java.lang.NullPointerException">
            <full-stacktrace>
              <![CDATA[java.lang.NullPointerException
	at KiplingTest.KipCheckoutUSAMonogram.testKipOrderSummaryMonogram(KipCheckoutUSAMonogram.java:176)
	at sun.reflect.NativeMethodAccessorImpl.invoke0(Native Method)
	at sun.reflect.NativeMethodAccessorImpl.invoke(NativeMethodAccessorImpl.java:57)
	at sun.reflect.DelegatingMethodAccessorImpl.invoke(DelegatingMethodAccessorImpl.java:43)
	at java.lang.reflect.Method.invoke(Method.java:606)
	at org.testng.internal.MethodInvocationHelper.invokeMethod(MethodInvocationHelper.java:84)
	at org.testng.internal.Invoker.invokeMethod(Invoker.java:714)
	at org.testng.internal.Invoker.invokeTestMethod(Invoker.java:901)
	at org.testng.internal.Invoker.invokeTestMethods(Invoker.java:1231)
	at org.testng.internal.TestMethodWorker.invokeTestMethods(TestMethodWorker.java:127)
	at org.testng.internal.TestMethodWorker.run(TestMethodWorker.java:111)
	at org.testng.TestRunner.privateRun(TestRunner.java:767)
	at org.testng.TestRunner.run(TestRunner.java:617)
	at org.testng.SuiteRunner.runTest(SuiteRunner.java:334)
	at org.testng.SuiteRunner.runSequentially(SuiteRunner.java:329)
	at org.testng.SuiteRunner.privateRun(SuiteRunner.java:291)
	at org.testng.SuiteRunner.run(SuiteRunner.java:240)
	at org.testng.SuiteRunnerWorker.runSuite(SuiteRunnerWorker.java:52)
	at org.testng.SuiteRunnerWorker.run(SuiteRunnerWorker.java:86)
	at org.testng.TestNG.runSuitesSequentially(TestNG.java:1224)
	at org.testng.TestNG.runSuitesLocally(TestNG.java:1149)
	at org.testng.TestNG.run(TestNG.java:1057)
	at org.testng.remote.RemoteTestNG.run(RemoteTestNG.java:111)
	at org.testng.remote.RemoteTestNG.initAndRun(RemoteTestNG.java:204)
	at org.testng.remote.RemoteTestNG.main(RemoteTestNG.java:175)
]]>
            </full-stacktrace>
          </exception> <!-- java.lang.NullPointerException -->
          <reporter-output>
            <line>
              <![CDATA[5 empty color swatches are displayed. Plus one selected color swatch Red]]>
            </line>
            <line>
              <![CDATA[These are empty swatch colors on PDP: ]]>
            </line>
            <line>
              <![CDATA[Celo Grey]]>
            </line>
            <line>
              <![CDATA[Deep Red]]>
            </line>
            <line>
              <![CDATA[Espresso]]>
            </line>
            <line>
              <![CDATA[Inlet Purple]]>
            </line>
            <line>
              <![CDATA[True Blue]]>
            </line>
            <line>
              <![CDATA[Using Firefox browser version 24]]>
            </line>
            <line>
              <![CDATA[Screenshot taken at 2013-Nov-25-1hr-6min-9 sec-377mls]]>
            </line>
            <line>
              <![CDATA[<img src="file:////Users/igonzalez/Desktop/WORKING_WITH_ECLIPSE/Fluid//target/screenshots/2013-Nov-25-1hr-6min-9 sec-377mls.png" alt=""/><br/>]]>
            </line>
            <line>
              <![CDATA[ 'Write a Review' link is visible on PDP]]>
            </line>
            <line>
              <![CDATA[Using Firefox browser version 24]]>
            </line>
            <line>
              <![CDATA[Screenshot taken at 2013-Nov-25-1hr-6min-12 sec-882mls]]>
            </line>
            <line>
              <![CDATA[<img src="file:////Users/igonzalez/Desktop/WORKING_WITH_ECLIPSE/Fluid//target/screenshots/2013-Nov-25-1hr-6min-12 sec-882mls.png" alt=""/><br/>]]>
            </line>
            <line>
              <![CDATA[Using Firefox browser version 24]]>
            </line>
            <line>
              <![CDATA[Screenshot taken at 2013-Nov-25-1hr-6min-16 sec-784mls]]>
            </line>
            <line>
              <![CDATA[<img src="file:////Users/igonzalez/Desktop/WORKING_WITH_ECLIPSE/Fluid//target/screenshots/2013-Nov-25-1hr-6min-16 sec-784mls.png" alt=""/><br/>]]>
            </line>
            <line>
              <![CDATA[Using Firefox browser version 24]]>
            </line>
            <line>
              <![CDATA[Screenshot taken at 2013-Nov-25-1hr-6min-37 sec-799mls]]>
            </line>
            <line>
              <![CDATA[<img src="file:////Users/igonzalez/Desktop/WORKING_WITH_ECLIPSE/Fluid//target/screenshots/2013-Nov-25-1hr-6min-37 sec-799mls.png" alt=""/><br/>]]>
            </line>
            <line>
              <![CDATA[Using Firefox browser version 24]]>
            </line>
            <line>
              <![CDATA[Screenshot taken at 2013-Nov-25-1hr-6min-41 sec-925mls]]>
            </line>
            <line>
              <![CDATA[<img src="file:////Users/igonzalez/Desktop/WORKING_WITH_ECLIPSE/Fluid//target/screenshots/2013-Nov-25-1hr-6min-41 sec-925mls.png" alt=""/><br/>]]>
            </line>
          </reporter-output>
        </test-method> <!-- testKipOrderSummaryMonogram -->
        <test-method status="PASS" signature="endTest()[pri:0, instance:KiplingTest.KipCheckoutUSAMonogram@285876fe]" name="endTest" is-config="true" duration-ms="0" started-at="2013-11-25T01:06:48Z" finished-at="2013-11-25T01:06:48Z">
          <reporter-output>
          </reporter-output>
        </test-method> <!-- endTest -->
      </class> <!-- KiplingTest.KipCheckoutUSAMonogram -->
    </test> <!-- Default test -->
  </suite> <!-- Default suite -->
</testng-results>
