<?xml version="1.0" encoding="UTF-8"?>
<testng-results skipped="0" failed="0" total="1" passed="1">
  <reporter-output>
  </reporter-output>
  <suite name="Default suite" duration-ms="12127" started-at="2013-11-26T01:29:01Z" finished-at="2013-11-26T01:29:13Z">
    <groups>
    </groups>
    <test name="Default test" duration-ms="12127" started-at="2013-11-26T01:29:01Z" finished-at="2013-11-26T01:29:13Z">
      <class name="com.nautica.test.CheckoutSuite">
        <test-method status="PASS" signature="setUp()[pri:0, instance:com.nautica.test.CheckoutSuite@30444c18]" name="setUp" is-config="true" duration-ms="8929" started-at="2013-11-25T17:28:52Z" finished-at="2013-11-25T17:29:01Z">
          <reporter-output>
          </reporter-output>
        </test-method> <!-- setUp -->
        <test-method status="PASS" signature="openNauUrl()[pri:0, instance:com.nautica.test.CheckoutSuite@30444c18]" name="openNauUrl" duration-ms="12117" started-at="2013-11-25T17:29:01Z" finished-at="2013-11-25T17:29:13Z">
          <reporter-output>
          </reporter-output>
        </test-method> <!-- openNauUrl -->
      </class> <!-- com.nautica.test.CheckoutSuite -->
    </test> <!-- Default test -->
  </suite> <!-- Default suite -->
</testng-results>
